<?xml version="1.0" encoding="UTF-8"?>
<testsuite xmlns:xsi="http://www.w3.org/2001/XMLSchema-instance" xsi:noNamespaceSchemaLocation="https://maven.apache.org/surefire/maven-surefire-plugin/xsd/surefire-test-report.xsd" name="TestSuite" time="1.27" tests="0" errors="0" skipped="0" failures="0">
  <properties>
    <property name="gopherProxySet" value="false"/>
    <property name="awt.toolkit" value="sun.lwawt.macosx.LWCToolkit"/>
    <property name="file.encoding.pkg" value="sun.io"/>
    <property name="java.specification.version" value="1.8"/>
    <property name="sun.cpu.isalist" value=""/>
    <property name="sun.jnu.encoding" value="UTF-8"/>
    <property name="java.class.path" value="/Users/dastanattokuruulu/git/Cucmber_TestNg_Automation/target/test-classes:/Users/dastanattokuruulu/git/Cucmber_TestNg_Automation/target/classes:/Users/dastanattokuruulu/.m2/repository/org/seleniumhq/selenium/selenium-java/3.9.1/selenium-java-3.9.1.jar:/Users/dastanattokuruulu/.m2/repository/org/seleniumhq/selenium/selenium-api/3.9.1/selenium-api-3.9.1.jar:/Users/dastanattokuruulu/.m2/repository/org/seleniumhq/selenium/selenium-chrome-driver/3.9.1/selenium-chrome-driver-3.9.1.jar:/Users/dastanattokuruulu/.m2/repository/org/seleniumhq/selenium/selenium-edge-driver/3.9.1/selenium-edge-driver-3.9.1.jar:/Users/dastanattokuruulu/.m2/repository/org/seleniumhq/selenium/selenium-firefox-driver/3.9.1/selenium-firefox-driver-3.9.1.jar:/Users/dastanattokuruulu/.m2/repository/org/seleniumhq/selenium/selenium-ie-driver/3.9.1/selenium-ie-driver-3.9.1.jar:/Users/dastanattokuruulu/.m2/repository/org/seleniumhq/selenium/selenium-opera-driver/3.9.1/selenium-opera-driver-3.9.1.jar:/Users/dastanattokuruulu/.m2/repository/org/seleniumhq/selenium/selenium-remote-driver/3.9.1/selenium-remote-driver-3.9.1.jar:/Users/dastanattokuruulu/.m2/repository/org/seleniumhq/selenium/selenium-safari-driver/3.9.1/selenium-safari-driver-3.9.1.jar:/Users/dastanattokuruulu/.m2/repository/org/seleniumhq/selenium/selenium-support/3.9.1/selenium-support-3.9.1.jar:/Users/dastanattokuruulu/.m2/repository/net/bytebuddy/byte-buddy/1.7.9/byte-buddy-1.7.9.jar:/Users/dastanattokuruulu/.m2/repository/org/apache/commons/commons-exec/1.3/commons-exec-1.3.jar:/Users/dastanattokuruulu/.m2/repository/commons-codec/commons-codec/1.10/commons-codec-1.10.jar:/Users/dastanattokuruulu/.m2/repository/commons-logging/commons-logging/1.2/commons-logging-1.2.jar:/Users/dastanattokuruulu/.m2/repository/com/google/code/gson/gson/2.8.2/gson-2.8.2.jar:/Users/dastanattokuruulu/.m2/repository/com/google/guava/guava/23.6-jre/guava-23.6-jre.jar:/Users/dastanattokuruulu/.m2/repository/com/google/code/findbugs/jsr305/1.3.9/jsr305-1.3.9.jar:/Users/dastanattokuruulu/.m2/repository/org/checkerframework/checker-compat-qual/2.0.0/checker-compat-qual-2.0.0.jar:/Users/dastanattokuruulu/.m2/repository/com/google/errorprone/error_prone_annotations/2.1.3/error_prone_annotations-2.1.3.jar:/Users/dastanattokuruulu/.m2/repository/com/google/j2objc/j2objc-annotations/1.1/j2objc-annotations-1.1.jar:/Users/dastanattokuruulu/.m2/repository/org/codehaus/mojo/animal-sniffer-annotations/1.14/animal-sniffer-annotations-1.14.jar:/Users/dastanattokuruulu/.m2/repository/org/apache/httpcomponents/httpclient/4.5.3/httpclient-4.5.3.jar:/Users/dastanattokuruulu/.m2/repository/org/apache/httpcomponents/httpcore/4.4.6/httpcore-4.4.6.jar:/Users/dastanattokuruulu/.m2/repository/com/squareup/okhttp3/okhttp/3.9.1/okhttp-3.9.1.jar:/Users/dastanattokuruulu/.m2/repository/com/squareup/okio/okio/1.13.0/okio-1.13.0.jar:/Users/dastanattokuruulu/.m2/repository/org/apache/poi/poi-ooxml/3.17/poi-ooxml-3.17.jar:/Users/dastanattokuruulu/.m2/repository/org/apache/poi/poi/3.17/poi-3.17.jar:/Users/dastanattokuruulu/.m2/repository/org/apache/commons/commons-collections4/4.1/commons-collections4-4.1.jar:/Users/dastanattokuruulu/.m2/repository/org/apache/poi/poi-ooxml-schemas/3.17/poi-ooxml-schemas-3.17.jar:/Users/dastanattokuruulu/.m2/repository/org/apache/xmlbeans/xmlbeans/2.6.0/xmlbeans-2.6.0.jar:/Users/dastanattokuruulu/.m2/repository/stax/stax-api/1.0.1/stax-api-1.0.1.jar:/Users/dastanattokuruulu/.m2/repository/com/github/virtuald/curvesapi/1.04/curvesapi-1.04.jar:/Users/dastanattokuruulu/.m2/repository/net/masterthought/cucumber-sandwich/3.15.0/cucumber-sandwich-3.15.0.jar:/Users/dastanattokuruulu/.m2/repository/net/masterthought/cucumber-reporting/3.15.0/cucumber-reporting-3.15.0.jar:/Users/dastanattokuruulu/.m2/repository/org/apache/logging/log4j/log4j-api/2.8.2/log4j-api-2.8.2.jar:/Users/dastanattokuruulu/.m2/repository/org/apache/logging/log4j/log4j-core/2.8.2/log4j-core-2.8.2.jar:/Users/dastanattokuruulu/.m2/repository/com/fasterxml/jackson/core/jackson-databind/2.8.6/jackson-databind-2.8.6.jar:/Users/dastanattokuruulu/.m2/repository/com/fasterxml/jackson/core/jackson-annotations/2.8.0/jackson-annotations-2.8.0.jar:/Users/dastanattokuruulu/.m2/repository/com/fasterxml/jackson/core/jackson-core/2.8.6/jackson-core-2.8.6.jar:/Users/dastanattokuruulu/.m2/repository/org/apache/velocity/velocity/1.7/velocity-1.7.jar:/Users/dastanattokuruulu/.m2/repository/commons-collections/commons-collections/3.2.1/commons-collections-3.2.1.jar:/Users/dastanattokuruulu/.m2/repository/commons-lang/commons-lang/2.4/commons-lang-2.4.jar:/Users/dastanattokuruulu/.m2/repository/velocity-tools/velocity-tools/1.4/velocity-tools-1.4.jar:/Users/dastanattokuruulu/.m2/repository/joda-time/joda-time/2.9.9/joda-time-2.9.9.jar:/Users/dastanattokuruulu/.m2/repository/net/lingala/zip4j/zip4j/1.3.2/zip4j-1.3.2.jar:/Users/dastanattokuruulu/.m2/repository/org/codehaus/plexus/plexus-utils/3.0.24/plexus-utils-3.0.24.jar:/Users/dastanattokuruulu/.m2/repository/com/googlecode/owasp-java-html-sanitizer/owasp-java-html-sanitizer/20170515.1/owasp-java-html-sanitizer-20170515.1.jar:/Users/dastanattokuruulu/.m2/repository/commons-configuration/commons-configuration/1.6/commons-configuration-1.6.jar:/Users/dastanattokuruulu/.m2/repository/commons-digester/commons-digester/1.8/commons-digester-1.8.jar:/Users/dastanattokuruulu/.m2/repository/commons-beanutils/commons-beanutils/1.7.0/commons-beanutils-1.7.0.jar:/Users/dastanattokuruulu/.m2/repository/commons-beanutils/commons-beanutils-core/1.8.0/commons-beanutils-core-1.8.0.jar:/Users/dastanattokuruulu/.m2/repository/com/beust/jcommander/1.58/jcommander-1.58.jar:/Users/dastanattokuruulu/.m2/repository/org/testng/testng/6.11/testng-6.11.jar:/Users/dastanattokuruulu/.m2/repository/org/yaml/snakeyaml/1.17/snakeyaml-1.17.jar:/Users/dastanattokuruulu/.m2/repository/io/github/bonigarcia/webdrivermanager/2.1.0/webdrivermanager-2.1.0.jar:/Users/dastanattokuruulu/.m2/repository/org/slf4j/slf4j-api/1.7.24/slf4j-api-1.7.24.jar:/Users/dastanattokuruulu/.m2/repository/commons-io/commons-io/2.5/commons-io-2.5.jar:/Users/dastanattokuruulu/.m2/repository/org/apache/commons/commons-lang3/3.5/commons-lang3-3.5.jar:/Users/dastanattokuruulu/.m2/repository/org/rauschig/jarchivelib/0.7.1/jarchivelib-0.7.1.jar:/Users/dastanattokuruulu/.m2/repository/org/apache/commons/commons-compress/1.9/commons-compress-1.9.jar:/Users/dastanattokuruulu/.m2/repository/org/jsoup/jsoup/1.10.2/jsoup-1.10.2.jar:/Users/dastanattokuruulu/.m2/repository/org/projectlombok/lombok/1.16.20/lombok-1.16.20.jar:/Users/dastanattokuruulu/.m2/repository/io/cucumber/cucumber-java/2.4.0/cucumber-java-2.4.0.jar:/Users/dastanattokuruulu/.m2/repository/io/cucumber/cucumber-core/2.4.0/cucumber-core-2.4.0.jar:/Users/dastanattokuruulu/.m2/repository/info/cukes/cucumber-html/0.2.6/cucumber-html-0.2.6.jar:/Users/dastanattokuruulu/.m2/repository/io/cucumber/cucumber-jvm-deps/1.0.6/cucumber-jvm-deps-1.0.6.jar:/Users/dastanattokuruulu/.m2/repository/io/cucumber/gherkin/5.0.0/gherkin-5.0.0.jar:/Users/dastanattokuruulu/.m2/repository/io/cucumber/tag-expressions/1.1.1/tag-expressions-1.1.1.jar:/Users/dastanattokuruulu/.m2/repository/io/cucumber/cucumber-testng/2.4.0/cucumber-testng-2.4.0.jar:/Users/dastanattokuruulu/.m2/repository/org/apache/maven/surefire/surefire-testng-utils/2.21.0/surefire-testng-utils-2.21.0.jar:/Users/dastanattokuruulu/.m2/repository/org/apache/maven/surefire/surefire-grouper/2.21.0/surefire-grouper-2.21.0.jar:"/>
    <property name="java.vm.vendor" value="Oracle Corporation"/>
    <property name="sun.arch.data.model" value="64"/>
    <property name="java.vendor.url" value="http://java.oracle.com/"/>
    <property name="user.timezone" value=""/>
    <property name="java.vm.specification.version" value="1.8"/>
    <property name="os.name" value="Mac OS X"/>
    <property name="runner" value="regression_test_runner.xml"/>
    <property name="user.country" value="US"/>
    <property name="sun.java.launcher" value="SUN_STANDARD"/>
    <property name="sun.boot.library.path" value="/Library/Java/JavaVirtualMachines/jdk1.8.0_144.jdk/Contents/Home/jre/lib"/>
    <property name="sun.java.command" value="/Users/dastanattokuruulu/git/Cucmber_TestNg_Automation/target/surefire/surefirebooter108422707311227427.jar /Users/dastanattokuruulu/git/Cucmber_TestNg_Automation/target/surefire 2018-04-05T14-54-58_361-jvmRun1 surefire7926557832190413874tmp surefire_06420845603545278735tmp"/>
    <property name="http.nonProxyHosts" value="local|*.local|169.254/16|*.169.254/16"/>
    <property name="surefire.test.class.path" value="/Users/dastanattokuruulu/git/Cucmber_TestNg_Automation/target/test-classes:/Users/dastanattokuruulu/git/Cucmber_TestNg_Automation/target/classes:/Users/dastanattokuruulu/.m2/repository/org/seleniumhq/selenium/selenium-java/3.9.1/selenium-java-3.9.1.jar:/Users/dastanattokuruulu/.m2/repository/org/seleniumhq/selenium/selenium-api/3.9.1/selenium-api-3.9.1.jar:/Users/dastanattokuruulu/.m2/repository/org/seleniumhq/selenium/selenium-chrome-driver/3.9.1/selenium-chrome-driver-3.9.1.jar:/Users/dastanattokuruulu/.m2/repository/org/seleniumhq/selenium/selenium-edge-driver/3.9.1/selenium-edge-driver-3.9.1.jar:/Users/dastanattokuruulu/.m2/repository/org/seleniumhq/selenium/selenium-firefox-driver/3.9.1/selenium-firefox-driver-3.9.1.jar:/Users/dastanattokuruulu/.m2/repository/org/seleniumhq/selenium/selenium-ie-driver/3.9.1/selenium-ie-driver-3.9.1.jar:/Users/dastanattokuruulu/.m2/repository/org/seleniumhq/selenium/selenium-opera-driver/3.9.1/selenium-opera-driver-3.9.1.jar:/Users/dastanattokuruulu/.m2/repository/org/seleniumhq/selenium/selenium-remote-driver/3.9.1/selenium-remote-driver-3.9.1.jar:/Users/dastanattokuruulu/.m2/repository/org/seleniumhq/selenium/selenium-safari-driver/3.9.1/selenium-safari-driver-3.9.1.jar:/Users/dastanattokuruulu/.m2/repository/org/seleniumhq/selenium/selenium-support/3.9.1/selenium-support-3.9.1.jar:/Users/dastanattokuruulu/.m2/repository/net/bytebuddy/byte-buddy/1.7.9/byte-buddy-1.7.9.jar:/Users/dastanattokuruulu/.m2/repository/org/apache/commons/commons-exec/1.3/commons-exec-1.3.jar:/Users/dastanattokuruulu/.m2/repository/commons-codec/commons-codec/1.10/commons-codec-1.10.jar:/Users/dastanattokuruulu/.m2/repository/commons-logging/commons-logging/1.2/commons-logging-1.2.jar:/Users/dastanattokuruulu/.m2/repository/com/google/code/gson/gson/2.8.2/gson-2.8.2.jar:/Users/dastanattokuruulu/.m2/repository/com/google/guava/guava/23.6-jre/guava-23.6-jre.jar:/Users/dastanattokuruulu/.m2/repository/com/google/code/findbugs/jsr305/1.3.9/jsr305-1.3.9.jar:/Users/dastanattokuruulu/.m2/repository/org/checkerframework/checker-compat-qual/2.0.0/checker-compat-qual-2.0.0.jar:/Users/dastanattokuruulu/.m2/repository/com/google/errorprone/error_prone_annotations/2.1.3/error_prone_annotations-2.1.3.jar:/Users/dastanattokuruulu/.m2/repository/com/google/j2objc/j2objc-annotations/1.1/j2objc-annotations-1.1.jar:/Users/dastanattokuruulu/.m2/repository/org/codehaus/mojo/animal-sniffer-annotations/1.14/animal-sniffer-annotations-1.14.jar:/Users/dastanattokuruulu/.m2/repository/org/apache/httpcomponents/httpclient/4.5.3/httpclient-4.5.3.jar:/Users/dastanattokuruulu/.m2/repository/org/apache/httpcomponents/httpcore/4.4.6/httpcore-4.4.6.jar:/Users/dastanattokuruulu/.m2/repository/com/squareup/okhttp3/okhttp/3.9.1/okhttp-3.9.1.jar:/Users/dastanattokuruulu/.m2/repository/com/squareup/okio/okio/1.13.0/okio-1.13.0.jar:/Users/dastanattokuruulu/.m2/repository/org/apache/poi/poi-ooxml/3.17/poi-ooxml-3.17.jar:/Users/dastanattokuruulu/.m2/repository/org/apache/poi/poi/3.17/poi-3.17.jar:/Users/dastanattokuruulu/.m2/repository/org/apache/commons/commons-collections4/4.1/commons-collections4-4.1.jar:/Users/dastanattokuruulu/.m2/repository/org/apache/poi/poi-ooxml-schemas/3.17/poi-ooxml-schemas-3.17.jar:/Users/dastanattokuruulu/.m2/repository/org/apache/xmlbeans/xmlbeans/2.6.0/xmlbeans-2.6.0.jar:/Users/dastanattokuruulu/.m2/repository/stax/stax-api/1.0.1/stax-api-1.0.1.jar:/Users/dastanattokuruulu/.m2/repository/com/github/virtuald/curvesapi/1.04/curvesapi-1.04.jar:/Users/dastanattokuruulu/.m2/repository/net/masterthought/cucumber-sandwich/3.15.0/cucumber-sandwich-3.15.0.jar:/Users/dastanattokuruulu/.m2/repository/net/masterthought/cucumber-reporting/3.15.0/cucumber-reporting-3.15.0.jar:/Users/dastanattokuruulu/.m2/repository/org/apache/logging/log4j/log4j-api/2.8.2/log4j-api-2.8.2.jar:/Users/dastanattokuruulu/.m2/repository/org/apache/logging/log4j/log4j-core/2.8.2/log4j-core-2.8.2.jar:/Users/dastanattokuruulu/.m2/repository/com/fasterxml/jackson/core/jackson-databind/2.8.6/jackson-databind-2.8.6.jar:/Users/dastanattokuruulu/.m2/repository/com/fasterxml/jackson/core/jackson-annotations/2.8.0/jackson-annotations-2.8.0.jar:/Users/dastanattokuruulu/.m2/repository/com/fasterxml/jackson/core/jackson-core/2.8.6/jackson-core-2.8.6.jar:/Users/dastanattokuruulu/.m2/repository/org/apache/velocity/velocity/1.7/velocity-1.7.jar:/Users/dastanattokuruulu/.m2/repository/commons-collections/commons-collections/3.2.1/commons-collections-3.2.1.jar:/Users/dastanattokuruulu/.m2/repository/commons-lang/commons-lang/2.4/commons-lang-2.4.jar:/Users/dastanattokuruulu/.m2/repository/velocity-tools/velocity-tools/1.4/velocity-tools-1.4.jar:/Users/dastanattokuruulu/.m2/repository/joda-time/joda-time/2.9.9/joda-time-2.9.9.jar:/Users/dastanattokuruulu/.m2/repository/net/lingala/zip4j/zip4j/1.3.2/zip4j-1.3.2.jar:/Users/dastanattokuruulu/.m2/repository/org/codehaus/plexus/plexus-utils/3.0.24/plexus-utils-3.0.24.jar:/Users/dastanattokuruulu/.m2/repository/com/googlecode/owasp-java-html-sanitizer/owasp-java-html-sanitizer/20170515.1/owasp-java-html-sanitizer-20170515.1.jar:/Users/dastanattokuruulu/.m2/repository/commons-configuration/commons-configuration/1.6/commons-configuration-1.6.jar:/Users/dastanattokuruulu/.m2/repository/commons-digester/commons-digester/1.8/commons-digester-1.8.jar:/Users/dastanattokuruulu/.m2/repository/commons-beanutils/commons-beanutils/1.7.0/commons-beanutils-1.7.0.jar:/Users/dastanattokuruulu/.m2/repository/commons-beanutils/commons-beanutils-core/1.8.0/commons-beanutils-core-1.8.0.jar:/Users/dastanattokuruulu/.m2/repository/com/beust/jcommander/1.58/jcommander-1.58.jar:/Users/dastanattokuruulu/.m2/repository/org/testng/testng/6.11/testng-6.11.jar:/Users/dastanattokuruulu/.m2/repository/org/yaml/snakeyaml/1.17/snakeyaml-1.17.jar:/Users/dastanattokuruulu/.m2/repository/io/github/bonigarcia/webdrivermanager/2.1.0/webdrivermanager-2.1.0.jar:/Users/dastanattokuruulu/.m2/repository/org/slf4j/slf4j-api/1.7.24/slf4j-api-1.7.24.jar:/Users/dastanattokuruulu/.m2/repository/commons-io/commons-io/2.5/commons-io-2.5.jar:/Users/dastanattokuruulu/.m2/repository/org/apache/commons/commons-lang3/3.5/commons-lang3-3.5.jar:/Users/dastanattokuruulu/.m2/repository/org/rauschig/jarchivelib/0.7.1/jarchivelib-0.7.1.jar:/Users/dastanattokuruulu/.m2/repository/org/apache/commons/commons-compress/1.9/commons-compress-1.9.jar:/Users/dastanattokuruulu/.m2/repository/org/jsoup/jsoup/1.10.2/jsoup-1.10.2.jar:/Users/dastanattokuruulu/.m2/repository/org/projectlombok/lombok/1.16.20/lombok-1.16.20.jar:/Users/dastanattokuruulu/.m2/repository/io/cucumber/cucumber-java/2.4.0/cucumber-java-2.4.0.jar:/Users/dastanattokuruulu/.m2/repository/io/cucumber/cucumber-core/2.4.0/cucumber-core-2.4.0.jar:/Users/dastanattokuruulu/.m2/repository/info/cukes/cucumber-html/0.2.6/cucumber-html-0.2.6.jar:/Users/dastanattokuruulu/.m2/repository/io/cucumber/cucumber-jvm-deps/1.0.6/cucumber-jvm-deps-1.0.6.jar:/Users/dastanattokuruulu/.m2/repository/io/cucumber/gherkin/5.0.0/gherkin-5.0.0.jar:/Users/dastanattokuruulu/.m2/repository/io/cucumber/tag-expressions/1.1.1/tag-expressions-1.1.1.jar:/Users/dastanattokuruulu/.m2/repository/io/cucumber/cucumber-testng/2.4.0/cucumber-testng-2.4.0.jar:/Users/dastanattokuruulu/.m2/repository/org/apache/maven/surefire/surefire-testng-utils/2.21.0/surefire-testng-utils-2.21.0.jar:/Users/dastanattokuruulu/.m2/repository/org/apache/maven/surefire/surefire-grouper/2.21.0/surefire-grouper-2.21.0.jar:"/>
    <property name="sun.cpu.endian" value="little"/>
    <property name="user.home" value="/Users/dastanattokuruulu"/>
    <property name="user.language" value="en"/>
    <property name="java.specification.vendor" value="Oracle Corporation"/>
    <property name="java.home" value="/Library/Java/JavaVirtualMachines/jdk1.8.0_144.jdk/Contents/Home/jre"/>
    <property name="basedir" value="/Users/dastanattokuruulu/git/Cucmber_TestNg_Automation"/>
    <property name="file.separator" value="/"/>
    <property name="line.separator" value="&#10;"/>
    <property name="java.vm.specification.vendor" value="Oracle Corporation"/>
    <property name="java.specification.name" value="Java Platform API Specification"/>
    <property name="java.awt.graphicsenv" value="sun.awt.CGraphicsEnvironment"/>
    <property name="surefire.real.class.path" value="/Users/dastanattokuruulu/git/Cucmber_TestNg_Automation/target/surefire/surefirebooter108422707311227427.jar"/>
    <property name="sun.boot.class.path" value="/Library/Java/JavaVirtualMachines/jdk1.8.0_144.jdk/Contents/Home/jre/lib/resources.jar:/Library/Java/JavaVirtualMachines/jdk1.8.0_144.jdk/Contents/Home/jre/lib/rt.jar:/Library/Java/JavaVirtualMachines/jdk1.8.0_144.jdk/Contents/Home/jre/lib/sunrsasign.jar:/Library/Java/JavaVirtualMachines/jdk1.8.0_144.jdk/Contents/Home/jre/lib/jsse.jar:/Library/Java/JavaVirtualMachines/jdk1.8.0_144.jdk/Contents/Home/jre/lib/jce.jar:/Library/Java/JavaVirtualMachines/jdk1.8.0_144.jdk/Contents/Home/jre/lib/charsets.jar:/Library/Java/JavaVirtualMachines/jdk1.8.0_144.jdk/Contents/Home/jre/lib/jfr.jar:/Library/Java/JavaVirtualMachines/jdk1.8.0_144.jdk/Contents/Home/jre/classes"/>
    <property name="sun.management.compiler" value="HotSpot 64-Bit Tiered Compilers"/>
    <property name="ftp.nonProxyHosts" value="local|*.local|169.254/16|*.169.254/16"/>
    <property name="java.runtime.version" value="1.8.0_144-b01"/>
    <property name="user.name" value="dastanattokuruulu"/>
    <property name="path.separator" value=":"/>
    <property name="os.version" value="10.13.3"/>
    <property name="java.endorsed.dirs" value="/Library/Java/JavaVirtualMachines/jdk1.8.0_144.jdk/Contents/Home/jre/lib/endorsed"/>
    <property name="java.runtime.name" value="Java(TM) SE Runtime Environment"/>
    <property name="file.encoding" value="UTF-8"/>
    <property name="java.vm.name" value="Java HotSpot(TM) 64-Bit Server VM"/>
    <property name="localRepository" value="/Users/dastanattokuruulu/.m2/repository"/>
    <property name="java.vendor.url.bug" value="http://bugreport.sun.com/bugreport/"/>
    <property name="java.io.tmpdir" value="/var/folders/sk/lnfk8q2s6z18185cv3yb32dm0000gn/T/"/>
    <property name="java.version" value="1.8.0_144"/>
    <property name="user.dir" value="/Users/dastanattokuruulu/git/Cucmber_TestNg_Automation"/>
    <property name="os.arch" value="x86_64"/>
    <property name="java.vm.specification.name" value="Java Virtual Machine Specification"/>
    <property name="java.awt.printerjob" value="sun.lwawt.macosx.CPrinterJob"/>
    <property name="sun.os.patch.level" value="unknown"/>
    <property name="java.library.path" value="/Users/dastanattokuruulu/Library/Java/Extensions:/Library/Java/Extensions:/Network/Library/Java/Extensions:/System/Library/Java/Extensions:/usr/lib/java:."/>
    <property name="java.vm.info" value="mixed mode"/>
    <property name="java.vendor" value="Oracle Corporation"/>
    <property name="java.vm.version" value="25.144-b01"/>
    <property name="java.ext.dirs" value="/Users/dastanattokuruulu/Library/Java/Extensions:/Library/Java/JavaVirtualMachines/jdk1.8.0_144.jdk/Contents/Home/jre/lib/ext:/Library/Java/Extensions:/Network/Library/Java/Extensions:/System/Library/Java/Extensions:/usr/lib/java"/>
    <property name="sun.io.unicode.encoding" value="UnicodeBig"/>
    <property name="java.class.version" value="52.0"/>
    <property name="socksNonProxyHosts" value="local|*.local|169.254/16|*.169.254/16"/>
  </properties>
</testsuite>