<?xml version="1.0" encoding="UTF-8"?>
<!-- Generated by org.testng.reporters.JUnitReportReporter -->
<testsuite skipped="0" hostname="MacBook-Pro-Dastan.local" name="com.app.tests.JDBCConnection" tests="2" failures="0" timestamp="08 May 2018 21:26:41 GMT" time="2.496" errors="0">
  <testcase name="jdbcMetadata" time="1.910" classname="com.app.tests.JDBCConnection"/>
  <testcase name="oracleJDBC" time="0.586" classname="com.app.tests.JDBCConnection"/>
</testsuite> <!-- com.app.tests.JDBCConnection -->
