<?xml version="1.0" encoding="UTF-8"?>
<!-- Generated by org.testng.reporters.JUnitReportReporter -->
<testsuite skipped="0" hostname="MacBook-Pro-Dastan.local" name="com.app.tests.EmployeesDbTest" tests="2" failures="0" timestamp="14 Apr 2018 22:23:22 GMT" time="1.637" errors="0">
  <testcase name="countTest" time="1.094" classname="com.app.tests.EmployeesDbTest"/>
  <testcase name="nameTestByID" time="0.543" classname="com.app.tests.EmployeesDbTest"/>
</testsuite> <!-- com.app.tests.EmployeesDbTest -->
