<?xml version="1.0" encoding="UTF-8"?>
<!-- Generated by org.testng.reporters.JUnitReportReporter -->
<testsuite skipped="0" hostname="MacBook-Pro-Dastan.local" name="com.app.tests.HRRestAPIGetRequests" tests="6" failures="0" timestamp="19 Apr 2018 01:49:55 GMT" time="6.453" errors="0">
  <testcase name="verifyforstName" time="1.079" classname="com.app.tests.HRRestAPIGetRequests"/>
  <testcase name="printResponse" time="0.467" classname="com.app.tests.HRRestAPIGetRequests"/>
  <testcase name="getWithHeaders" time="2.706" classname="com.app.tests.HRRestAPIGetRequests"/>
  <testcase name="negativeGet" time="1.538" classname="com.app.tests.HRRestAPIGetRequests"/>
  <testcase name="simpleGet" time="0.415" classname="com.app.tests.HRRestAPIGetRequests"/>
  <testcase name="verifyContentTypeWithAssertThat" time="0.248" classname="com.app.tests.HRRestAPIGetRequests"/>
</testsuite> <!-- com.app.tests.HRRestAPIGetRequests -->
