<?xml version="1.0" encoding="UTF-8"?>
<!-- Generated by org.testng.reporters.JUnitReportReporter -->
<testsuite skipped="0" hostname="MacBook-Pro-Dastan.local" name="com.app.runners.CukesRunner" tests="2" failures="0" timestamp="31 Mar 2018 16:35:30 GMT" time="33.848" errors="0">
  <testcase name="runScenario" time="15.725" classname="com.app.runners.CukesRunner"/>
  <testcase name="runScenario" time="18.123" classname="com.app.runners.CukesRunner"/>
</testsuite> <!-- com.app.runners.CukesRunner -->
